Running file build/test.elf.
ELF Entry @ 0x80000000
CSR mstatus <- 0x0000000000000000 (input: 0x00000000)
mem[X,0b0000000000000000000001000000000000] -> 0x0297
mem[X,0b0000000000000000000001000000000010] -> 0x0000
[0] [M]: 0x00001000 (0x00000297) auipc t0, 0x0
x5 <- 0x00001000
mem[X,0b0000000000000000000001000000000100] -> 0x8593
mem[X,0b0000000000000000000001000000000110] -> 0x0202
[1] [M]: 0x00001004 (0x02028593) addi a1, t0, 0x20
x11 <- 0x00001020
mem[X,0b0000000000000000000001000000001000] -> 0x2573
mem[X,0b0000000000000000000001000000001010] -> 0xF140
[2] [M]: 0x00001008 (0xF1402573) csrrs a0, mhartid, zero
CSR mhartid -> 0x00000000
x10 <- 0x00000000
mem[X,0b0000000000000000000001000000001100] -> 0xA283
mem[X,0b0000000000000000000001000000001110] -> 0x0182
[3] [M]: 0x0000100C (0x0182A283) lw t0, 0x18(t0)
mem[R,0b0000000000000000000001000000011000] -> 0x80000000
x5 <- 0x80000000
mem[X,0b0000000000000000000001000000010000] -> 0x8067
mem[X,0b0000000000000000000001000000010010] -> 0x0002
[4] [M]: 0x00001010 (0x00028067) jalr zero, 0x0(t0)
mem[X,0b0010000000000000000000000000000000] -> 0x0297
mem[X,0b0010000000000000000000000000000010] -> 0x0000
[5] [M]: 0x80000000 (0x00000297) auipc t0, 0x0
x5 <- 0x80000000
mem[X,0b0010000000000000000000000000000100] -> 0x8293
mem[X,0b0010000000000000000000000000000110] -> 0x2002
[6] [M]: 0x80000004 (0x20028293) addi t0, t0, 0x200
x5 <- 0x80000200
mem[X,0b0010000000000000000000000000001000] -> 0x9073
mem[X,0b0010000000000000000000000000001010] -> 0x3052
[7] [M]: 0x80000008 (0x30529073) csrrw zero, mtvec, t0
CSR mtvec <- 0x80000200 (input: 0x80000200)
mem[X,0b0010000000000000000000000000001100] -> 0x00EF
mem[X,0b0010000000000000000000000000001110] -> 0x0E00
[8] [M]: 0x8000000C (0x0E0000EF) jal ra, 0xe0
x1 <- 0x80000010
mem[X,0b0010000000000000000000000011101100] -> 0x0293
mem[X,0b0010000000000000000000000011101110] -> 0x0200
[9] [M]: 0x800000EC (0x02000293) addi t0, zero, 0x20
x5 <- 0x00000020
mem[X,0b0010000000000000000000000011110000] -> 0xA073
mem[X,0b0010000000000000000000000011110010] -> 0x3102
[10] [M]: 0x800000F0 (0x3102A073) csrrs zero, mstatush, t0
CSR mstatush <- 0x00000020 (input: 0x00000020)
mem[X,0b0010000000000000000000000011110100] -> 0x2373
mem[X,0b0010000000000000000000000011110110] -> 0x3100
[11] [M]: 0x800000F4 (0x31002373) csrrs t1, mstatush, zero
CSR mstatush -> 0x00000020
x6 <- 0x00000020
mem[X,0b0010000000000000000000000011111000] -> 0x8067
mem[X,0b0010000000000000000000000011111010] -> 0x0000
[12] [M]: 0x800000F8 (0x00008067) jalr zero, 0x0(ra)
mem[X,0b0010000000000000000000000000010000] -> 0x00EF
mem[X,0b0010000000000000000000000000010010] -> 0x13C0
[13] [M]: 0x80000010 (0x13C000EF) jal ra, 0x13c
x1 <- 0x80000014
mem[X,0b0010000000000000000000000101001100] -> 0x52B7
mem[X,0b0010000000000000000000000101001110] -> 0x1234
[14] [M]: 0x8000014C (0x123452B7) lui t0, 0x12345
x5 <- 0x12345000
mem[X,0b0010000000000000000000000101010000] -> 0x8293
mem[X,0b0010000000000000000000000101010010] -> 0x6782
[15] [M]: 0x80000150 (0x67828293) addi t0, t0, 0x678
x5 <- 0x12345678
mem[X,0b0010000000000000000000000101010100] -> 0x0317
mem[X,0b0010000000000000000000000101010110] -> 0x0000
[16] [M]: 0x80000154 (0x00000317) auipc t1, 0x0
x6 <- 0x80000154
mem[X,0b0010000000000000000000000101011000] -> 0x0313
mem[X,0b0010000000000000000000000101011010] -> 0x0DC3
[17] [M]: 0x80000158 (0x0DC30313) addi t1, t1, 0xdc
x6 <- 0x80000230
mem[X,0b0010000000000000000000000101011100] -> 0x0023
mem[X,0b0010000000000000000000000101011110] -> 0x0053
[18] [M]: 0x8000015C (0x00530023) sb t0, 0x0(t1)
mem[0b0010000000000000000000001000110000] <- 0x78
mem[X,0b0010000000000000000000000101100000] -> 0x1223
mem[X,0b0010000000000000000000000101100010] -> 0x0053
[19] [M]: 0x80000160 (0x00531223) sh t0, 0x4(t1)
mem[0b0010000000000000000000001000110100] <- 0x7856
mem[X,0b0010000000000000000000000101100100] -> 0x2423
mem[X,0b0010000000000000000000000101100110] -> 0x0053
[20] [M]: 0x80000164 (0x00532423) sw t0, 0x8(t1)
mem[0b0010000000000000000000001000111000] <- 0x78563412
mem[X,0b0010000000000000000000000101101000] -> 0x0283
mem[X,0b0010000000000000000000000101101010] -> 0x0083
[21] [M]: 0x80000168 (0x00830283) lb t0, 0x8(t1)
mem[R,0b0010000000000000000000001000111000] -> 0x12
x5 <- 0x00000012
mem[X,0b0010000000000000000000000101101100] -> 0x1283
mem[X,0b0010000000000000000000000101101110] -> 0x0083
[22] [M]: 0x8000016C (0x00831283) lh t0, 0x8(t1)
mem[R,0b0010000000000000000000001000111000] -> 0x1234
x5 <- 0x00001234
mem[X,0b0010000000000000000000000101110000] -> 0x2283
mem[X,0b0010000000000000000000000101110010] -> 0x0083
[23] [M]: 0x80000170 (0x00832283) lw t0, 0x8(t1)
mem[R,0b0010000000000000000000001000111000] -> 0x12345678
x5 <- 0x12345678
mem[X,0b0010000000000000000000000101110100] -> 0x4283
mem[X,0b0010000000000000000000000101110110] -> 0x0083
[24] [M]: 0x80000174 (0x00834283) lbu t0, 0x8(t1)
mem[R,0b0010000000000000000000001000111000] -> 0x12
x5 <- 0x00000012
mem[X,0b0010000000000000000000000101111000] -> 0x5283
mem[X,0b0010000000000000000000000101111010] -> 0x0083
[25] [M]: 0x80000178 (0x00835283) lhu t0, 0x8(t1)
mem[R,0b0010000000000000000000001000111000] -> 0x1234
x5 <- 0x00001234
mem[X,0b0010000000000000000000000101111100] -> 0x52B7
mem[X,0b0010000000000000000000000101111110] -> 0xFF34
[26] [M]: 0x8000017C (0xFF3452B7) lui t0, -0xcbb
x5 <- 0xFF345000
mem[X,0b0010000000000000000000000110000000] -> 0x8293
mem[X,0b0010000000000000000000000110000010] -> 0x6782
[27] [M]: 0x80000180 (0x67828293) addi t0, t0, 0x678
x5 <- 0xFF345678
mem[X,0b0010000000000000000000000110000100] -> 0x0397
mem[X,0b0010000000000000000000000110000110] -> 0x0000
[28] [M]: 0x80000184 (0x00000397) auipc t2, 0x0
x7 <- 0x80000184
mem[X,0b0010000000000000000000000110001000] -> 0x8393
mem[X,0b0010000000000000000000000110001010] -> 0x0B83
[29] [M]: 0x80000188 (0x0B838393) addi t2, t2, 0xb8
x7 <- 0x8000023C
mem[X,0b0010000000000000000000000110001100] -> 0x8023
mem[X,0b0010000000000000000000000110001110] -> 0x0053
[30] [M]: 0x8000018C (0x00538023) sb t0, 0x0(t2)
mem[0b0010000000000000000000001000111100] <- 0x78
mem[X,0b0010000000000000000000000110010000] -> 0x9223
mem[X,0b0010000000000000000000000110010010] -> 0x0053
[31] [M]: 0x80000190 (0x00539223) sh t0, 0x4(t2)
mem[0b0010000000000000000000001001000000] <- 0x7856
mem[X,0b0010000000000000000000000110010100] -> 0xA423
mem[X,0b0010000000000000000000000110010110] -> 0x0053
[32] [M]: 0x80000194 (0x0053A423) sw t0, 0x8(t2)
mem[0b0010000000000000000000001001000100] <- 0x785634FF
mem[X,0b0010000000000000000000000110011000] -> 0x8283
mem[X,0b0010000000000000000000000110011010] -> 0x0083
[33] [M]: 0x80000198 (0x00838283) lb t0, 0x8(t2)
mem[R,0b0010000000000000000000001001000100] -> 0xFF
x5 <- 0xFFFFFFFF
mem[X,0b0010000000000000000000000110011100] -> 0x9283
mem[X,0b0010000000000000000000000110011110] -> 0x0083
[34] [M]: 0x8000019C (0x00839283) lh t0, 0x8(t2)
mem[R,0b0010000000000000000000001001000100] -> 0xFF34
x5 <- 0xFFFFFF34
mem[X,0b0010000000000000000000000110100000] -> 0xA283
mem[X,0b0010000000000000000000000110100010] -> 0x0083
[35] [M]: 0x800001A0 (0x0083A283) lw t0, 0x8(t2)
mem[R,0b0010000000000000000000001001000100] -> 0xFF345678
x5 <- 0xFF345678
mem[X,0b0010000000000000000000000110100100] -> 0xC283
mem[X,0b0010000000000000000000000110100110] -> 0x0083
[36] [M]: 0x800001A4 (0x0083C283) lbu t0, 0x8(t2)
mem[R,0b0010000000000000000000001001000100] -> 0xFF
x5 <- 0x000000FF
mem[X,0b0010000000000000000000000110101000] -> 0xD283
mem[X,0b0010000000000000000000000110101010] -> 0x0083
[37] [M]: 0x800001A8 (0x0083D283) lhu t0, 0x8(t2)
mem[R,0b0010000000000000000000001001000100] -> 0xFF34
x5 <- 0x0000FF34
mem[X,0b0010000000000000000000000110101100] -> 0x8067
mem[X,0b0010000000000000000000000110101110] -> 0x0000
[38] [M]: 0x800001AC (0x00008067) jalr zero, 0x0(ra)
mem[X,0b0010000000000000000000000000010100] -> 0x00EF
mem[X,0b0010000000000000000000000000010110] -> 0x1080
[39] [M]: 0x80000014 (0x108000EF) jal ra, 0x108
x1 <- 0x80000018
mem[X,0b0010000000000000000000000100011100] -> 0x0293
mem[X,0b0010000000000000000000000100011110] -> 0x0200
[40] [M]: 0x8000011C (0x02000293) addi t0, zero, 0x20
x5 <- 0x00000020
mem[X,0b0010000000000000000000000100100000] -> 0xB073
mem[X,0b0010000000000000000000000100100010] -> 0x3102
[41] [M]: 0x80000120 (0x3102B073) csrrc zero, mstatush, t0
CSR mstatush <- 0x00000000 (input: 0x00000000)
mem[X,0b0010000000000000000000000100100100] -> 0x2373
mem[X,0b0010000000000000000000000100100110] -> 0x3100
[42] [M]: 0x80000124 (0x31002373) csrrs t1, mstatush, zero
CSR mstatush -> 0x00000000
x6 <- 0x00000000
mem[X,0b0010000000000000000000000100101000] -> 0x8067
mem[X,0b0010000000000000000000000100101010] -> 0x0000
[43] [M]: 0x80000128 (0x00008067) jalr zero, 0x0(ra)
mem[X,0b0010000000000000000000000000011000] -> 0x00EF
mem[X,0b0010000000000000000000000000011010] -> 0x1980
[44] [M]: 0x80000018 (0x198000EF) jal ra, 0x198
x1 <- 0x8000001C
mem[X,0b0010000000000000000000000110110000] -> 0x0317
mem[X,0b0010000000000000000000000110110010] -> 0x0000
[45] [M]: 0x800001B0 (0x00000317) auipc t1, 0x0
x6 <- 0x800001B0
mem[X,0b0010000000000000000000000110110100] -> 0x0313
mem[X,0b0010000000000000000000000110110110] -> 0x0803
[46] [M]: 0x800001B4 (0x08030313) addi t1, t1, 0x80
x6 <- 0x80000230
mem[X,0b0010000000000000000000000110111000] -> 0x0397
mem[X,0b0010000000000000000000000110111010] -> 0x0000
[47] [M]: 0x800001B8 (0x00000397) auipc t2, 0x0
x7 <- 0x800001B8
mem[X,0b0010000000000000000000000110111100] -> 0x8393
mem[X,0b0010000000000000000000000110111110] -> 0x0843
[48] [M]: 0x800001BC (0x08438393) addi t2, t2, 0x84
x7 <- 0x8000023C
mem[X,0b0010000000000000000000000111000000] -> 0x0283
mem[X,0b0010000000000000000000000111000010] -> 0x0083
[49] [M]: 0x800001C0 (0x00830283) lb t0, 0x8(t1)
mem[R,0b0010000000000000000000001000111000] -> 0x12
x5 <- 0x00000012
mem[X,0b0010000000000000000000000111000100] -> 0x1283
mem[X,0b0010000000000000000000000111000110] -> 0x0083
[50] [M]: 0x800001C4 (0x00831283) lh t0, 0x8(t1)
mem[R,0b0010000000000000000000001000111000] -> 0x3412
x5 <- 0x00003412
mem[X,0b0010000000000000000000000111001000] -> 0x2283
mem[X,0b0010000000000000000000000111001010] -> 0x0083
[51] [M]: 0x800001C8 (0x00832283) lw t0, 0x8(t1)
mem[R,0b0010000000000000000000001000111000] -> 0x78563412
x5 <- 0x78563412
mem[X,0b0010000000000000000000000111001100] -> 0x4283
mem[X,0b0010000000000000000000000111001110] -> 0x0083
[52] [M]: 0x800001CC (0x00834283) lbu t0, 0x8(t1)
mem[R,0b0010000000000000000000001000111000] -> 0x12
x5 <- 0x00000012
mem[X,0b0010000000000000000000000111010000] -> 0x5283
mem[X,0b0010000000000000000000000111010010] -> 0x0083
[53] [M]: 0x800001D0 (0x00835283) lhu t0, 0x8(t1)
mem[R,0b0010000000000000000000001000111000] -> 0x3412
x5 <- 0x00003412
mem[X,0b0010000000000000000000000111010100] -> 0x8283
mem[X,0b0010000000000000000000000111010110] -> 0x0083
[54] [M]: 0x800001D4 (0x00838283) lb t0, 0x8(t2)
mem[R,0b0010000000000000000000001001000100] -> 0xFF
x5 <- 0xFFFFFFFF
mem[X,0b0010000000000000000000000111011000] -> 0x9283
mem[X,0b0010000000000000000000000111011010] -> 0x0083
[55] [M]: 0x800001D8 (0x00839283) lh t0, 0x8(t2)
mem[R,0b0010000000000000000000001001000100] -> 0x34FF
x5 <- 0x000034FF
mem[X,0b0010000000000000000000000111011100] -> 0xA283
mem[X,0b0010000000000000000000000111011110] -> 0x0083
[56] [M]: 0x800001DC (0x0083A283) lw t0, 0x8(t2)
mem[R,0b0010000000000000000000001001000100] -> 0x785634FF
x5 <- 0x785634FF
mem[X,0b0010000000000000000000000111100000] -> 0xC283
mem[X,0b0010000000000000000000000111100010] -> 0x0083
[57] [M]: 0x800001E0 (0x0083C283) lbu t0, 0x8(t2)
mem[R,0b0010000000000000000000001001000100] -> 0xFF
x5 <- 0x000000FF
mem[X,0b0010000000000000000000000111100100] -> 0xD283
mem[X,0b0010000000000000000000000111100110] -> 0x0083
[58] [M]: 0x800001E4 (0x0083D283) lhu t0, 0x8(t2)
mem[R,0b0010000000000000000000001001000100] -> 0x34FF
x5 <- 0x000034FF
mem[X,0b0010000000000000000000000111101000] -> 0x52B7
mem[X,0b0010000000000000000000000111101010] -> 0xFF34
[59] [M]: 0x800001E8 (0xFF3452B7) lui t0, -0xcbb
x5 <- 0xFF345000
mem[X,0b0010000000000000000000000111101100] -> 0x8293
mem[X,0b0010000000000000000000000111101110] -> 0x6782
[60] [M]: 0x800001EC (0x67828293) addi t0, t0, 0x678
x5 <- 0xFF345678
mem[X,0b0010000000000000000000000111110000] -> 0x0023
mem[X,0b0010000000000000000000000111110010] -> 0x0053
[61] [M]: 0x800001F0 (0x00530023) sb t0, 0x0(t1)
mem[0b0010000000000000000000001000110000] <- 0x78
mem[X,0b0010000000000000000000000111110100] -> 0x1223
mem[X,0b0010000000000000000000000111110110] -> 0x0053
[62] [M]: 0x800001F4 (0x00531223) sh t0, 0x4(t1)
mem[0b0010000000000000000000001000110100] <- 0x5678
mem[X,0b0010000000000000000000000111111000] -> 0x2423
mem[X,0b0010000000000000000000000111111010] -> 0x0053
[63] [M]: 0x800001F8 (0x00532423) sw t0, 0x8(t1)
mem[0b0010000000000000000000001000111000] <- 0xFF345678
mem[X,0b0010000000000000000000000111111100] -> 0x8067
mem[X,0b0010000000000000000000000111111110] -> 0x0000
[64] [M]: 0x800001FC (0x00008067) jalr zero, 0x0(ra)
mem[X,0b0010000000000000000000000000011100] -> 0x0073
mem[X,0b0010000000000000000000000000011110] -> 0x0000
[65] [M]: 0x8000001C (0x00000073) ecall
trapping from M to M to handle m-call
handling exc#0x0B at priv M with tval 0x00000000
CSR mstatus <- 0x0000000000001800
mem[X,0b0010000000000000000000001000000000] -> 0x22F3
mem[X,0b0010000000000000000000001000000010] -> 0x3000
[66] [M]: 0x80000200 (0x300022F3) csrrs t0, mstatus, zero
CSR mstatus -> 0x00001800
x5 <- 0x00001800
mem[X,0b0010000000000000000000001000000100] -> 0xE337
mem[X,0b0010000000000000000000001000000110] -> 0xFFFF
[67] [M]: 0x80000204 (0xFFFFE337) lui t1, -0x2
x6 <- 0xFFFFE000
mem[X,0b0010000000000000000000001000001000] -> 0x0313
mem[X,0b0010000000000000000000001000001010] -> 0x7FF3
[68] [M]: 0x80000208 (0x7FF30313) addi t1, t1, 0x7ff
x6 <- 0xFFFFE7FF
mem[X,0b0010000000000000000000001000001100] -> 0xF2B3
mem[X,0b0010000000000000000000001000001110] -> 0x0062
[69] [M]: 0x8000020C (0x0062F2B3) and t0, t0, t1
x5 <- 0x00000000
mem[X,0b0010000000000000000000001000010000] -> 0x2337
mem[X,0b0010000000000000000000001000010010] -> 0x0000
[70] [M]: 0x80000210 (0x00002337) lui t1, 0x2
x6 <- 0x00002000
mem[X,0b0010000000000000000000001000010100] -> 0x0313
mem[X,0b0010000000000000000000001000010110] -> 0x8003
[71] [M]: 0x80000214 (0x80030313) addi t1, t1, -0x800
x6 <- 0x00001800
mem[X,0b0010000000000000000000001000011000] -> 0xE2B3
mem[X,0b0010000000000000000000001000011010] -> 0x0062
[72] [M]: 0x80000218 (0x0062E2B3) or t0, t0, t1
x5 <- 0x00001800
mem[X,0b0010000000000000000000001000011100] -> 0x9073
mem[X,0b0010000000000000000000001000011110] -> 0x3002
[73] [M]: 0x8000021C (0x30029073) csrrw zero, mstatus, t0
CSR mstatus <- 0x00001800 (input: 0x00001800)
mem[X,0b0010000000000000000000001000100000] -> 0x22F3
mem[X,0b0010000000000000000000001000100010] -> 0x3410
[74] [M]: 0x80000220 (0x341022F3) csrrs t0, mepc, zero
CSR mepc -> 0x8000001C
x5 <- 0x8000001C
mem[X,0b0010000000000000000000001000100100] -> 0x8293
mem[X,0b0010000000000000000000001000100110] -> 0x0042
[75] [M]: 0x80000224 (0x00428293) addi t0, t0, 0x4
x5 <- 0x80000020
mem[X,0b0010000000000000000000001000101000] -> 0x9073
mem[X,0b0010000000000000000000001000101010] -> 0x3412
[76] [M]: 0x80000228 (0x34129073) csrrw zero, mepc, t0
CSR mepc <- 0x80000020 (input: 0x80000020)
mem[X,0b0010000000000000000000001000101100] -> 0x0073
mem[X,0b0010000000000000000000001000101110] -> 0x3020
[77] [M]: 0x8000022C (0x30200073) mret
CSR mstatus <- 0x0000000000000080
ret-ing from M to M
mem[X,0b0010000000000000000000000000100000] -> 0x00EF
mem[X,0b0010000000000000000000000000100010] -> 0x0DC0
[78] [M]: 0x80000020 (0x0DC000EF) jal ra, 0xdc
x1 <- 0x80000024
mem[X,0b0010000000000000000000000011111100] -> 0x0293
mem[X,0b0010000000000000000000000011111110] -> 0x0100
[79] [M]: 0x800000FC (0x01000293) addi t0, zero, 0x10
x5 <- 0x00000010
mem[X,0b0010000000000000000000000100000000] -> 0xA073
mem[X,0b0010000000000000000000000100000010] -> 0x3102
[80] [M]: 0x80000100 (0x3102A073) csrrs zero, mstatush, t0
CSR mstatush <- 0x00000010 (input: 0x00000010)
mem[X,0b0010000000000000000000000100000100] -> 0x2373
mem[X,0b0010000000000000000000000100000110] -> 0x3100
[81] [M]: 0x80000104 (0x31002373) csrrs t1, mstatush, zero
CSR mstatush -> 0x00000010
x6 <- 0x00000010
mem[X,0b0010000000000000000000000100001000] -> 0x8067
mem[X,0b0010000000000000000000000100001010] -> 0x0000
[82] [M]: 0x80000108 (0x00008067) jalr zero, 0x0(ra)
mem[X,0b0010000000000000000000000000100100] -> 0x0393
mem[X,0b0010000000000000000000000000100110] -> 0x0800
[83] [M]: 0x80000024 (0x08000393) addi t2, zero, 0x80
x7 <- 0x00000080
mem[X,0b0010000000000000000000000000101000] -> 0xBE73
mem[X,0b0010000000000000000000000000101010] -> 0x3003
[84] [M]: 0x80000028 (0x3003BE73) csrrc t3, mstatus, t2
CSR mstatus <- 0x00000000 (input: 0x00000000)
x28 <- 0x00000080
mem[X,0b0010000000000000000000000000101100] -> 0x13B7
mem[X,0b0010000000000000000000000000101110] -> 0x0000
[85] [M]: 0x8000002C (0x000013B7) lui t2, 0x1
x7 <- 0x00001000
mem[X,0b0010000000000000000000000000110000] -> 0x8393
mem[X,0b0010000000000000000000000000110010] -> 0x8003
[86] [M]: 0x80000030 (0x80038393) addi t2, t2, -0x800
x7 <- 0x00000800
mem[X,0b0010000000000000000000000000110100] -> 0xA073
mem[X,0b0010000000000000000000000000110110] -> 0x3003
[87] [M]: 0x80000034 (0x3003A073) csrrs zero, mstatus, t2
CSR mstatus <- 0x00000800 (input: 0x00000800)
mem[X,0b0010000000000000000000000000111000] -> 0x0297
mem[X,0b0010000000000000000000000000111010] -> 0x0000
[88] [M]: 0x80000038 (0x00000297) auipc t0, 0x0
x5 <- 0x80000038
mem[X,0b0010000000000000000000000000111100] -> 0x8293
mem[X,0b0010000000000000000000000000111110] -> 0x0102
[89] [M]: 0x8000003C (0x01028293) addi t0, t0, 0x10
x5 <- 0x80000048
mem[X,0b0010000000000000000000000001000000] -> 0x9073
mem[X,0b0010000000000000000000000001000010] -> 0x3412
[90] [M]: 0x80000040 (0x34129073) csrrw zero, mepc, t0
CSR mepc <- 0x80000048 (input: 0x80000048)
mem[X,0b0010000000000000000000000001000100] -> 0x0073
mem[X,0b0010000000000000000000000001000110] -> 0x3020
[91] [M]: 0x80000044 (0x30200073) mret
CSR mstatus <- 0x0000001000000080
ret-ing from M to S
mem[X,0b0010000000000000000000000001001000] -> 0x00EF
mem[X,0b0010000000000000000000000001001010] -> 0x1040
[92] [S]: 0x80000048 (0x104000EF) jal ra, 0x104
x1 <- 0x8000004C
mem[X,0b0010000000000000000000000101001100] -> 0x52B7
mem[X,0b0010000000000000000000000101001110] -> 0x1234
[93] [S]: 0x8000014C (0x123452B7) lui t0, 0x12345
x5 <- 0x12345000
mem[X,0b0010000000000000000000000101010000] -> 0x8293
mem[X,0b0010000000000000000000000101010010] -> 0x6782
[94] [S]: 0x80000150 (0x67828293) addi t0, t0, 0x678
x5 <- 0x12345678
mem[X,0b0010000000000000000000000101010100] -> 0x0317
mem[X,0b0010000000000000000000000101010110] -> 0x0000
[95] [S]: 0x80000154 (0x00000317) auipc t1, 0x0
x6 <- 0x80000154
mem[X,0b0010000000000000000000000101011000] -> 0x0313
mem[X,0b0010000000000000000000000101011010] -> 0x0DC3
[96] [S]: 0x80000158 (0x0DC30313) addi t1, t1, 0xdc
x6 <- 0x80000230
mem[X,0b0010000000000000000000000101011100] -> 0x0023
mem[X,0b0010000000000000000000000101011110] -> 0x0053
[97] [S]: 0x8000015C (0x00530023) sb t0, 0x0(t1)
mem[0b0010000000000000000000001000110000] <- 0x78
mem[X,0b0010000000000000000000000101100000] -> 0x1223
mem[X,0b0010000000000000000000000101100010] -> 0x0053
[98] [S]: 0x80000160 (0x00531223) sh t0, 0x4(t1)
mem[0b0010000000000000000000001000110100] <- 0x7856
mem[X,0b0010000000000000000000000101100100] -> 0x2423
mem[X,0b0010000000000000000000000101100110] -> 0x0053
[99] [S]: 0x80000164 (0x00532423) sw t0, 0x8(t1)
mem[0b0010000000000000000000001000111000] <- 0x78563412
clint mtime 0x0000000000000001 (mip.MTI <- 0b1)
htif::tick 0x0000000000000000
mem[X,0b0010000000000000000000000101101000] -> 0x0283
mem[X,0b0010000000000000000000000101101010] -> 0x0083
[100] [S]: 0x80000168 (0x00830283) lb t0, 0x8(t1)
mem[R,0b0010000000000000000000001000111000] -> 0x12
x5 <- 0x00000012
mem[X,0b0010000000000000000000000101101100] -> 0x1283
mem[X,0b0010000000000000000000000101101110] -> 0x0083
[101] [S]: 0x8000016C (0x00831283) lh t0, 0x8(t1)
mem[R,0b0010000000000000000000001000111000] -> 0x1234
x5 <- 0x00001234
mem[X,0b0010000000000000000000000101110000] -> 0x2283
mem[X,0b0010000000000000000000000101110010] -> 0x0083
[102] [S]: 0x80000170 (0x00832283) lw t0, 0x8(t1)
mem[R,0b0010000000000000000000001000111000] -> 0x12345678
x5 <- 0x12345678
mem[X,0b0010000000000000000000000101110100] -> 0x4283
mem[X,0b0010000000000000000000000101110110] -> 0x0083
[103] [S]: 0x80000174 (0x00834283) lbu t0, 0x8(t1)
mem[R,0b0010000000000000000000001000111000] -> 0x12
x5 <- 0x00000012
mem[X,0b0010000000000000000000000101111000] -> 0x5283
mem[X,0b0010000000000000000000000101111010] -> 0x0083
[104] [S]: 0x80000178 (0x00835283) lhu t0, 0x8(t1)
mem[R,0b0010000000000000000000001000111000] -> 0x1234
x5 <- 0x00001234
mem[X,0b0010000000000000000000000101111100] -> 0x52B7
mem[X,0b0010000000000000000000000101111110] -> 0xFF34
[105] [S]: 0x8000017C (0xFF3452B7) lui t0, -0xcbb
x5 <- 0xFF345000
mem[X,0b0010000000000000000000000110000000] -> 0x8293
mem[X,0b0010000000000000000000000110000010] -> 0x6782
[106] [S]: 0x80000180 (0x67828293) addi t0, t0, 0x678
x5 <- 0xFF345678
mem[X,0b0010000000000000000000000110000100] -> 0x0397
mem[X,0b0010000000000000000000000110000110] -> 0x0000
[107] [S]: 0x80000184 (0x00000397) auipc t2, 0x0
x7 <- 0x80000184
mem[X,0b0010000000000000000000000110001000] -> 0x8393
mem[X,0b0010000000000000000000000110001010] -> 0x0B83
[108] [S]: 0x80000188 (0x0B838393) addi t2, t2, 0xb8
x7 <- 0x8000023C
mem[X,0b0010000000000000000000000110001100] -> 0x8023
mem[X,0b0010000000000000000000000110001110] -> 0x0053
[109] [S]: 0x8000018C (0x00538023) sb t0, 0x0(t2)
mem[0b0010000000000000000000001000111100] <- 0x78
mem[X,0b0010000000000000000000000110010000] -> 0x9223
mem[X,0b0010000000000000000000000110010010] -> 0x0053
[110] [S]: 0x80000190 (0x00539223) sh t0, 0x4(t2)
mem[0b0010000000000000000000001001000000] <- 0x7856
mem[X,0b0010000000000000000000000110010100] -> 0xA423
mem[X,0b0010000000000000000000000110010110] -> 0x0053
[111] [S]: 0x80000194 (0x0053A423) sw t0, 0x8(t2)
mem[0b0010000000000000000000001001000100] <- 0x785634FF
mem[X,0b0010000000000000000000000110011000] -> 0x8283
mem[X,0b0010000000000000000000000110011010] -> 0x0083
[112] [S]: 0x80000198 (0x00838283) lb t0, 0x8(t2)
mem[R,0b0010000000000000000000001001000100] -> 0xFF
x5 <- 0xFFFFFFFF
mem[X,0b0010000000000000000000000110011100] -> 0x9283
mem[X,0b0010000000000000000000000110011110] -> 0x0083
[113] [S]: 0x8000019C (0x00839283) lh t0, 0x8(t2)
mem[R,0b0010000000000000000000001001000100] -> 0xFF34
x5 <- 0xFFFFFF34
mem[X,0b0010000000000000000000000110100000] -> 0xA283
mem[X,0b0010000000000000000000000110100010] -> 0x0083
[114] [S]: 0x800001A0 (0x0083A283) lw t0, 0x8(t2)
mem[R,0b0010000000000000000000001001000100] -> 0xFF345678
x5 <- 0xFF345678
mem[X,0b0010000000000000000000000110100100] -> 0xC283
mem[X,0b0010000000000000000000000110100110] -> 0x0083
[115] [S]: 0x800001A4 (0x0083C283) lbu t0, 0x8(t2)
mem[R,0b0010000000000000000000001001000100] -> 0xFF
x5 <- 0x000000FF
mem[X,0b0010000000000000000000000110101000] -> 0xD283
mem[X,0b0010000000000000000000000110101010] -> 0x0083
[116] [S]: 0x800001A8 (0x0083D283) lhu t0, 0x8(t2)
mem[R,0b0010000000000000000000001001000100] -> 0xFF34
x5 <- 0x0000FF34
mem[X,0b0010000000000000000000000110101100] -> 0x8067
mem[X,0b0010000000000000000000000110101110] -> 0x0000
[117] [S]: 0x800001AC (0x00008067) jalr zero, 0x0(ra)
mem[X,0b0010000000000000000000000001001100] -> 0x0073
mem[X,0b0010000000000000000000000001001110] -> 0x0000
[118] [S]: 0x8000004C (0x00000073) ecall
trapping from S to M to handle s-call
handling exc#0x09 at priv M with tval 0x00000000
CSR mstatus <- 0x0000001000000800
mem[X,0b0010000000000000000000001000000000] -> 0x22F3
mem[X,0b0010000000000000000000001000000010] -> 0x3000
[119] [M]: 0x80000200 (0x300022F3) csrrs t0, mstatus, zero
CSR mstatus -> 0x00000800
x5 <- 0x00000800
mem[X,0b0010000000000000000000001000000100] -> 0xE337
mem[X,0b0010000000000000000000001000000110] -> 0xFFFF
[120] [M]: 0x80000204 (0xFFFFE337) lui t1, -0x2
x6 <- 0xFFFFE000
mem[X,0b0010000000000000000000001000001000] -> 0x0313
mem[X,0b0010000000000000000000001000001010] -> 0x7FF3
[121] [M]: 0x80000208 (0x7FF30313) addi t1, t1, 0x7ff
x6 <- 0xFFFFE7FF
mem[X,0b0010000000000000000000001000001100] -> 0xF2B3
mem[X,0b0010000000000000000000001000001110] -> 0x0062
[122] [M]: 0x8000020C (0x0062F2B3) and t0, t0, t1
x5 <- 0x00000000
mem[X,0b0010000000000000000000001000010000] -> 0x2337
mem[X,0b0010000000000000000000001000010010] -> 0x0000
[123] [M]: 0x80000210 (0x00002337) lui t1, 0x2
x6 <- 0x00002000
mem[X,0b0010000000000000000000001000010100] -> 0x0313
mem[X,0b0010000000000000000000001000010110] -> 0x8003
[124] [M]: 0x80000214 (0x80030313) addi t1, t1, -0x800
x6 <- 0x00001800
mem[X,0b0010000000000000000000001000011000] -> 0xE2B3
mem[X,0b0010000000000000000000001000011010] -> 0x0062
[125] [M]: 0x80000218 (0x0062E2B3) or t0, t0, t1
x5 <- 0x00001800
mem[X,0b0010000000000000000000001000011100] -> 0x9073
mem[X,0b0010000000000000000000001000011110] -> 0x3002
[126] [M]: 0x8000021C (0x30029073) csrrw zero, mstatus, t0
CSR mstatus <- 0x00001800 (input: 0x00001800)
mem[X,0b0010000000000000000000001000100000] -> 0x22F3
mem[X,0b0010000000000000000000001000100010] -> 0x3410
[127] [M]: 0x80000220 (0x341022F3) csrrs t0, mepc, zero
CSR mepc -> 0x8000004C
x5 <- 0x8000004C
mem[X,0b0010000000000000000000001000100100] -> 0x8293
mem[X,0b0010000000000000000000001000100110] -> 0x0042
[128] [M]: 0x80000224 (0x00428293) addi t0, t0, 0x4
x5 <- 0x80000050
mem[X,0b0010000000000000000000001000101000] -> 0x9073
mem[X,0b0010000000000000000000001000101010] -> 0x3412
[129] [M]: 0x80000228 (0x34129073) csrrw zero, mepc, t0
CSR mepc <- 0x80000050 (input: 0x80000050)
mem[X,0b0010000000000000000000001000101100] -> 0x0073
mem[X,0b0010000000000000000000001000101110] -> 0x3020
[130] [M]: 0x8000022C (0x30200073) mret
CSR mstatus <- 0x0000001000000080
ret-ing from M to M
mem[X,0b0010000000000000000000000001010000] -> 0x00EF
mem[X,0b0010000000000000000000000001010010] -> 0x0DC0
[131] [M]: 0x80000050 (0x0DC000EF) jal ra, 0xdc
x1 <- 0x80000054
mem[X,0b0010000000000000000000000100101100] -> 0x0293
mem[X,0b0010000000000000000000000100101110] -> 0x0100
[132] [M]: 0x8000012C (0x01000293) addi t0, zero, 0x10
x5 <- 0x00000010
mem[X,0b0010000000000000000000000100110000] -> 0xB073
mem[X,0b0010000000000000000000000100110010] -> 0x3102
[133] [M]: 0x80000130 (0x3102B073) csrrc zero, mstatush, t0
CSR mstatush <- 0x00000000 (input: 0x00000000)
mem[X,0b0010000000000000000000000100110100] -> 0x2373
mem[X,0b0010000000000000000000000100110110] -> 0x3100
[134] [M]: 0x80000134 (0x31002373) csrrs t1, mstatush, zero
CSR mstatush -> 0x00000000
x6 <- 0x00000000
mem[X,0b0010000000000000000000000100111000] -> 0x8067
mem[X,0b0010000000000000000000000100111010] -> 0x0000
[135] [M]: 0x80000138 (0x00008067) jalr zero, 0x0(ra)
mem[X,0b0010000000000000000000000001010100] -> 0x0393
mem[X,0b0010000000000000000000000001010110] -> 0x0800
[136] [M]: 0x80000054 (0x08000393) addi t2, zero, 0x80
x7 <- 0x00000080
mem[X,0b0010000000000000000000000001011000] -> 0xBE73
mem[X,0b0010000000000000000000000001011010] -> 0x3003
[137] [M]: 0x80000058 (0x3003BE73) csrrc t3, mstatus, t2
CSR mstatus <- 0x00000000 (input: 0x00000000)
x28 <- 0x00000080
mem[X,0b0010000000000000000000000001011100] -> 0x13B7
mem[X,0b0010000000000000000000000001011110] -> 0x0000
[138] [M]: 0x8000005C (0x000013B7) lui t2, 0x1
x7 <- 0x00001000
mem[X,0b0010000000000000000000000001100000] -> 0x8393
mem[X,0b0010000000000000000000000001100010] -> 0x8003
[139] [M]: 0x80000060 (0x80038393) addi t2, t2, -0x800
x7 <- 0x00000800
mem[X,0b0010000000000000000000000001100100] -> 0xA073
mem[X,0b0010000000000000000000000001100110] -> 0x3003
[140] [M]: 0x80000064 (0x3003A073) csrrs zero, mstatus, t2
CSR mstatus <- 0x00000800 (input: 0x00000800)
mem[X,0b0010000000000000000000000001101000] -> 0x0297
mem[X,0b0010000000000000000000000001101010] -> 0x0000
[141] [M]: 0x80000068 (0x00000297) auipc t0, 0x0
x5 <- 0x80000068
mem[X,0b0010000000000000000000000001101100] -> 0x8293
mem[X,0b0010000000000000000000000001101110] -> 0x0102
[142] [M]: 0x8000006C (0x01028293) addi t0, t0, 0x10
x5 <- 0x80000078
mem[X,0b0010000000000000000000000001110000] -> 0x9073
mem[X,0b0010000000000000000000000001110010] -> 0x3412
[143] [M]: 0x80000070 (0x34129073) csrrw zero, mepc, t0
CSR mepc <- 0x80000078 (input: 0x80000078)
mem[X,0b0010000000000000000000000001110100] -> 0x0073
mem[X,0b0010000000000000000000000001110110] -> 0x3020
[144] [M]: 0x80000074 (0x30200073) mret
CSR mstatus <- 0x0000000000000080
ret-ing from M to S
mem[X,0b0010000000000000000000000001111000] -> 0x00EF
mem[X,0b0010000000000000000000000001111010] -> 0x1380
[145] [S]: 0x80000078 (0x138000EF) jal ra, 0x138
x1 <- 0x8000007C
mem[X,0b0010000000000000000000000110110000] -> 0x0317
mem[X,0b0010000000000000000000000110110010] -> 0x0000
[146] [S]: 0x800001B0 (0x00000317) auipc t1, 0x0
x6 <- 0x800001B0
mem[X,0b0010000000000000000000000110110100] -> 0x0313
mem[X,0b0010000000000000000000000110110110] -> 0x0803
[147] [S]: 0x800001B4 (0x08030313) addi t1, t1, 0x80
x6 <- 0x80000230
mem[X,0b0010000000000000000000000110111000] -> 0x0397
mem[X,0b0010000000000000000000000110111010] -> 0x0000
[148] [S]: 0x800001B8 (0x00000397) auipc t2, 0x0
x7 <- 0x800001B8
mem[X,0b0010000000000000000000000110111100] -> 0x8393
mem[X,0b0010000000000000000000000110111110] -> 0x0843
[149] [S]: 0x800001BC (0x08438393) addi t2, t2, 0x84
x7 <- 0x8000023C
mem[X,0b0010000000000000000000000111000000] -> 0x0283
mem[X,0b0010000000000000000000000111000010] -> 0x0083
[150] [S]: 0x800001C0 (0x00830283) lb t0, 0x8(t1)
mem[R,0b0010000000000000000000001000111000] -> 0x12
x5 <- 0x00000012
mem[X,0b0010000000000000000000000111000100] -> 0x1283
mem[X,0b0010000000000000000000000111000110] -> 0x0083
[151] [S]: 0x800001C4 (0x00831283) lh t0, 0x8(t1)
mem[R,0b0010000000000000000000001000111000] -> 0x3412
x5 <- 0x00003412
mem[X,0b0010000000000000000000000111001000] -> 0x2283
mem[X,0b0010000000000000000000000111001010] -> 0x0083
[152] [S]: 0x800001C8 (0x00832283) lw t0, 0x8(t1)
mem[R,0b0010000000000000000000001000111000] -> 0x78563412
x5 <- 0x78563412
mem[X,0b0010000000000000000000000111001100] -> 0x4283
mem[X,0b0010000000000000000000000111001110] -> 0x0083
[153] [S]: 0x800001CC (0x00834283) lbu t0, 0x8(t1)
mem[R,0b0010000000000000000000001000111000] -> 0x12
x5 <- 0x00000012
mem[X,0b0010000000000000000000000111010000] -> 0x5283
mem[X,0b0010000000000000000000000111010010] -> 0x0083
[154] [S]: 0x800001D0 (0x00835283) lhu t0, 0x8(t1)
mem[R,0b0010000000000000000000001000111000] -> 0x3412
x5 <- 0x00003412
mem[X,0b0010000000000000000000000111010100] -> 0x8283
mem[X,0b0010000000000000000000000111010110] -> 0x0083
[155] [S]: 0x800001D4 (0x00838283) lb t0, 0x8(t2)
mem[R,0b0010000000000000000000001001000100] -> 0xFF
x5 <- 0xFFFFFFFF
mem[X,0b0010000000000000000000000111011000] -> 0x9283
mem[X,0b0010000000000000000000000111011010] -> 0x0083
[156] [S]: 0x800001D8 (0x00839283) lh t0, 0x8(t2)
mem[R,0b0010000000000000000000001001000100] -> 0x34FF
x5 <- 0x000034FF
mem[X,0b0010000000000000000000000111011100] -> 0xA283
mem[X,0b0010000000000000000000000111011110] -> 0x0083
[157] [S]: 0x800001DC (0x0083A283) lw t0, 0x8(t2)
mem[R,0b0010000000000000000000001001000100] -> 0x785634FF
x5 <- 0x785634FF
mem[X,0b0010000000000000000000000111100000] -> 0xC283
mem[X,0b0010000000000000000000000111100010] -> 0x0083
[158] [S]: 0x800001E0 (0x0083C283) lbu t0, 0x8(t2)
mem[R,0b0010000000000000000000001001000100] -> 0xFF
x5 <- 0x000000FF
mem[X,0b0010000000000000000000000111100100] -> 0xD283
mem[X,0b0010000000000000000000000111100110] -> 0x0083
[159] [S]: 0x800001E4 (0x0083D283) lhu t0, 0x8(t2)
mem[R,0b0010000000000000000000001001000100] -> 0x34FF
x5 <- 0x000034FF
mem[X,0b0010000000000000000000000111101000] -> 0x52B7
mem[X,0b0010000000000000000000000111101010] -> 0xFF34
[160] [S]: 0x800001E8 (0xFF3452B7) lui t0, -0xcbb
x5 <- 0xFF345000
mem[X,0b0010000000000000000000000111101100] -> 0x8293
mem[X,0b0010000000000000000000000111101110] -> 0x6782
[161] [S]: 0x800001EC (0x67828293) addi t0, t0, 0x678
x5 <- 0xFF345678
mem[X,0b0010000000000000000000000111110000] -> 0x0023
mem[X,0b0010000000000000000000000111110010] -> 0x0053
[162] [S]: 0x800001F0 (0x00530023) sb t0, 0x0(t1)
mem[0b0010000000000000000000001000110000] <- 0x78
mem[X,0b0010000000000000000000000111110100] -> 0x1223
mem[X,0b0010000000000000000000000111110110] -> 0x0053
[163] [S]: 0x800001F4 (0x00531223) sh t0, 0x4(t1)
mem[0b0010000000000000000000001000110100] <- 0x5678
mem[X,0b0010000000000000000000000111111000] -> 0x2423
mem[X,0b0010000000000000000000000111111010] -> 0x0053
[164] [S]: 0x800001F8 (0x00532423) sw t0, 0x8(t1)
mem[0b0010000000000000000000001000111000] <- 0xFF345678
mem[X,0b0010000000000000000000000111111100] -> 0x8067
mem[X,0b0010000000000000000000000111111110] -> 0x0000
[165] [S]: 0x800001FC (0x00008067) jalr zero, 0x0(ra)
mem[X,0b0010000000000000000000000001111100] -> 0x0073
mem[X,0b0010000000000000000000000001111110] -> 0x0000
[166] [S]: 0x8000007C (0x00000073) ecall
trapping from S to M to handle s-call
handling exc#0x09 at priv M with tval 0x00000000
CSR mstatus <- 0x0000000000000800
mem[X,0b0010000000000000000000001000000000] -> 0x22F3
mem[X,0b0010000000000000000000001000000010] -> 0x3000
[167] [M]: 0x80000200 (0x300022F3) csrrs t0, mstatus, zero
CSR mstatus -> 0x00000800
x5 <- 0x00000800
mem[X,0b0010000000000000000000001000000100] -> 0xE337
mem[X,0b0010000000000000000000001000000110] -> 0xFFFF
[168] [M]: 0x80000204 (0xFFFFE337) lui t1, -0x2
x6 <- 0xFFFFE000
mem[X,0b0010000000000000000000001000001000] -> 0x0313
mem[X,0b0010000000000000000000001000001010] -> 0x7FF3
[169] [M]: 0x80000208 (0x7FF30313) addi t1, t1, 0x7ff
x6 <- 0xFFFFE7FF
mem[X,0b0010000000000000000000001000001100] -> 0xF2B3
mem[X,0b0010000000000000000000001000001110] -> 0x0062
[170] [M]: 0x8000020C (0x0062F2B3) and t0, t0, t1
x5 <- 0x00000000
mem[X,0b0010000000000000000000001000010000] -> 0x2337
mem[X,0b0010000000000000000000001000010010] -> 0x0000
[171] [M]: 0x80000210 (0x00002337) lui t1, 0x2
x6 <- 0x00002000
mem[X,0b0010000000000000000000001000010100] -> 0x0313
mem[X,0b0010000000000000000000001000010110] -> 0x8003
[172] [M]: 0x80000214 (0x80030313) addi t1, t1, -0x800
x6 <- 0x00001800
mem[X,0b0010000000000000000000001000011000] -> 0xE2B3
mem[X,0b0010000000000000000000001000011010] -> 0x0062
[173] [M]: 0x80000218 (0x0062E2B3) or t0, t0, t1
x5 <- 0x00001800
mem[X,0b0010000000000000000000001000011100] -> 0x9073
mem[X,0b0010000000000000000000001000011110] -> 0x3002
[174] [M]: 0x8000021C (0x30029073) csrrw zero, mstatus, t0
CSR mstatus <- 0x00001800 (input: 0x00001800)
mem[X,0b0010000000000000000000001000100000] -> 0x22F3
mem[X,0b0010000000000000000000001000100010] -> 0x3410
[175] [M]: 0x80000220 (0x341022F3) csrrs t0, mepc, zero
CSR mepc -> 0x8000007C
x5 <- 0x8000007C
mem[X,0b0010000000000000000000001000100100] -> 0x8293
mem[X,0b0010000000000000000000001000100110] -> 0x0042
[176] [M]: 0x80000224 (0x00428293) addi t0, t0, 0x4
x5 <- 0x80000080
mem[X,0b0010000000000000000000001000101000] -> 0x9073
mem[X,0b0010000000000000000000001000101010] -> 0x3412
[177] [M]: 0x80000228 (0x34129073) csrrw zero, mepc, t0
CSR mepc <- 0x80000080 (input: 0x80000080)
mem[X,0b0010000000000000000000001000101100] -> 0x0073
mem[X,0b0010000000000000000000001000101110] -> 0x3020
[178] [M]: 0x8000022C (0x30200073) mret
CSR mstatus <- 0x0000000000000080
ret-ing from M to M
mem[X,0b0010000000000000000000000010000000] -> 0x00EF
mem[X,0b0010000000000000000000000010000010] -> 0x08C0
[179] [M]: 0x80000080 (0x08C000EF) jal ra, 0x8c
x1 <- 0x80000084
mem[X,0b0010000000000000000000000100001100] -> 0x0293
mem[X,0b0010000000000000000000000100001110] -> 0x0400
[180] [M]: 0x8000010C (0x04000293) addi t0, zero, 0x40
x5 <- 0x00000040
mem[X,0b0010000000000000000000000100010000] -> 0xA073
mem[X,0b0010000000000000000000000100010010] -> 0x3002
[181] [M]: 0x80000110 (0x3002A073) csrrs zero, mstatus, t0
CSR mstatus <- 0x000000C0 (input: 0x000000C0)
mem[X,0b0010000000000000000000000100010100] -> 0x2373
mem[X,0b0010000000000000000000000100010110] -> 0x3000
[182] [M]: 0x80000114 (0x30002373) csrrs t1, mstatus, zero
CSR mstatus -> 0x000000C0
x6 <- 0x000000C0
mem[X,0b0010000000000000000000000100011000] -> 0x8067
mem[X,0b0010000000000000000000000100011010] -> 0x0000
[183] [M]: 0x80000118 (0x00008067) jalr zero, 0x0(ra)
mem[X,0b0010000000000000000000000010000100] -> 0x0393
mem[X,0b0010000000000000000000000010000110] -> 0x0800
[184] [M]: 0x80000084 (0x08000393) addi t2, zero, 0x80
x7 <- 0x00000080
mem[X,0b0010000000000000000000000010001000] -> 0xBE73
mem[X,0b0010000000000000000000000010001010] -> 0x3003
[185] [M]: 0x80000088 (0x3003BE73) csrrc t3, mstatus, t2
CSR mstatus <- 0x00000040 (input: 0x00000040)
x28 <- 0x000000C0
mem[X,0b0010000000000000000000000010001100] -> 0x0393
mem[X,0b0010000000000000000000000010001110] -> 0x0000
[186] [M]: 0x8000008C (0x00000393) addi t2, zero, 0x0
x7 <- 0x00000000
mem[X,0b0010000000000000000000000010010000] -> 0xA073
mem[X,0b0010000000000000000000000010010010] -> 0x3003
[187] [M]: 0x80000090 (0x3003A073) csrrs zero, mstatus, t2
CSR mstatus <- 0x00000040 (input: 0x00000040)
mem[X,0b0010000000000000000000000010010100] -> 0x0297
mem[X,0b0010000000000000000000000010010110] -> 0x0000
[188] [M]: 0x80000094 (0x00000297) auipc t0, 0x0
x5 <- 0x80000094
mem[X,0b0010000000000000000000000010011000] -> 0x8293
mem[X,0b0010000000000000000000000010011010] -> 0x0102
[189] [M]: 0x80000098 (0x01028293) addi t0, t0, 0x10
x5 <- 0x800000A4
mem[X,0b0010000000000000000000000010011100] -> 0x9073
mem[X,0b0010000000000000000000000010011110] -> 0x3412
[190] [M]: 0x8000009C (0x34129073) csrrw zero, mepc, t0
CSR mepc <- 0x800000A4 (input: 0x800000A4)
mem[X,0b0010000000000000000000000010100000] -> 0x0073
mem[X,0b0010000000000000000000000010100010] -> 0x3020
[191] [M]: 0x800000A0 (0x30200073) mret
CSR mstatus <- 0x00000000000000C0
ret-ing from M to U
mem[X,0b0010000000000000000000000010100100] -> 0x00EF
mem[X,0b0010000000000000000000000010100110] -> 0x0A80
[192] [U]: 0x800000A4 (0x0A8000EF) jal ra, 0xa8
x1 <- 0x800000A8
mem[X,0b0010000000000000000000000101001100] -> 0x52B7
mem[X,0b0010000000000000000000000101001110] -> 0x1234
[193] [U]: 0x8000014C (0x123452B7) lui t0, 0x12345
x5 <- 0x12345000
mem[X,0b0010000000000000000000000101010000] -> 0x8293
mem[X,0b0010000000000000000000000101010010] -> 0x6782
[194] [U]: 0x80000150 (0x67828293) addi t0, t0, 0x678
x5 <- 0x12345678
mem[X,0b0010000000000000000000000101010100] -> 0x0317
mem[X,0b0010000000000000000000000101010110] -> 0x0000
[195] [U]: 0x80000154 (0x00000317) auipc t1, 0x0
x6 <- 0x80000154
mem[X,0b0010000000000000000000000101011000] -> 0x0313
mem[X,0b0010000000000000000000000101011010] -> 0x0DC3
[196] [U]: 0x80000158 (0x0DC30313) addi t1, t1, 0xdc
x6 <- 0x80000230
mem[X,0b0010000000000000000000000101011100] -> 0x0023
mem[X,0b0010000000000000000000000101011110] -> 0x0053
[197] [U]: 0x8000015C (0x00530023) sb t0, 0x0(t1)
mem[0b0010000000000000000000001000110000] <- 0x78
mem[X,0b0010000000000000000000000101100000] -> 0x1223
mem[X,0b0010000000000000000000000101100010] -> 0x0053
[198] [U]: 0x80000160 (0x00531223) sh t0, 0x4(t1)
mem[0b0010000000000000000000001000110100] <- 0x7856
mem[X,0b0010000000000000000000000101100100] -> 0x2423
mem[X,0b0010000000000000000000000101100110] -> 0x0053
[199] [U]: 0x80000164 (0x00532423) sw t0, 0x8(t1)
mem[0b0010000000000000000000001000111000] <- 0x78563412
clint mtime 0x0000000000000002 (mip.MTI <- 0b1)
htif::tick 0x0000000000000000
mem[X,0b0010000000000000000000000101101000] -> 0x0283
mem[X,0b0010000000000000000000000101101010] -> 0x0083
[200] [U]: 0x80000168 (0x00830283) lb t0, 0x8(t1)
mem[R,0b0010000000000000000000001000111000] -> 0x12
x5 <- 0x00000012
mem[X,0b0010000000000000000000000101101100] -> 0x1283
mem[X,0b0010000000000000000000000101101110] -> 0x0083
[201] [U]: 0x8000016C (0x00831283) lh t0, 0x8(t1)
mem[R,0b0010000000000000000000001000111000] -> 0x1234
x5 <- 0x00001234
mem[X,0b0010000000000000000000000101110000] -> 0x2283
mem[X,0b0010000000000000000000000101110010] -> 0x0083
[202] [U]: 0x80000170 (0x00832283) lw t0, 0x8(t1)
mem[R,0b0010000000000000000000001000111000] -> 0x12345678
x5 <- 0x12345678
mem[X,0b0010000000000000000000000101110100] -> 0x4283
mem[X,0b0010000000000000000000000101110110] -> 0x0083
[203] [U]: 0x80000174 (0x00834283) lbu t0, 0x8(t1)
mem[R,0b0010000000000000000000001000111000] -> 0x12
x5 <- 0x00000012
mem[X,0b0010000000000000000000000101111000] -> 0x5283
mem[X,0b0010000000000000000000000101111010] -> 0x0083
[204] [U]: 0x80000178 (0x00835283) lhu t0, 0x8(t1)
mem[R,0b0010000000000000000000001000111000] -> 0x1234
x5 <- 0x00001234
mem[X,0b0010000000000000000000000101111100] -> 0x52B7
mem[X,0b0010000000000000000000000101111110] -> 0xFF34
[205] [U]: 0x8000017C (0xFF3452B7) lui t0, -0xcbb
x5 <- 0xFF345000
mem[X,0b0010000000000000000000000110000000] -> 0x8293
mem[X,0b0010000000000000000000000110000010] -> 0x6782
[206] [U]: 0x80000180 (0x67828293) addi t0, t0, 0x678
x5 <- 0xFF345678
mem[X,0b0010000000000000000000000110000100] -> 0x0397
mem[X,0b0010000000000000000000000110000110] -> 0x0000
[207] [U]: 0x80000184 (0x00000397) auipc t2, 0x0
x7 <- 0x80000184
mem[X,0b0010000000000000000000000110001000] -> 0x8393
mem[X,0b0010000000000000000000000110001010] -> 0x0B83
[208] [U]: 0x80000188 (0x0B838393) addi t2, t2, 0xb8
x7 <- 0x8000023C
mem[X,0b0010000000000000000000000110001100] -> 0x8023
mem[X,0b0010000000000000000000000110001110] -> 0x0053
[209] [U]: 0x8000018C (0x00538023) sb t0, 0x0(t2)
mem[0b0010000000000000000000001000111100] <- 0x78
mem[X,0b0010000000000000000000000110010000] -> 0x9223
mem[X,0b0010000000000000000000000110010010] -> 0x0053
[210] [U]: 0x80000190 (0x00539223) sh t0, 0x4(t2)
mem[0b0010000000000000000000001001000000] <- 0x7856
mem[X,0b0010000000000000000000000110010100] -> 0xA423
mem[X,0b0010000000000000000000000110010110] -> 0x0053
[211] [U]: 0x80000194 (0x0053A423) sw t0, 0x8(t2)
mem[0b0010000000000000000000001001000100] <- 0x785634FF
mem[X,0b0010000000000000000000000110011000] -> 0x8283
mem[X,0b0010000000000000000000000110011010] -> 0x0083
[212] [U]: 0x80000198 (0x00838283) lb t0, 0x8(t2)
mem[R,0b0010000000000000000000001001000100] -> 0xFF
x5 <- 0xFFFFFFFF
mem[X,0b0010000000000000000000000110011100] -> 0x9283
mem[X,0b0010000000000000000000000110011110] -> 0x0083
[213] [U]: 0x8000019C (0x00839283) lh t0, 0x8(t2)
mem[R,0b0010000000000000000000001001000100] -> 0xFF34
x5 <- 0xFFFFFF34
mem[X,0b0010000000000000000000000110100000] -> 0xA283
mem[X,0b0010000000000000000000000110100010] -> 0x0083
[214] [U]: 0x800001A0 (0x0083A283) lw t0, 0x8(t2)
mem[R,0b0010000000000000000000001001000100] -> 0xFF345678
x5 <- 0xFF345678
mem[X,0b0010000000000000000000000110100100] -> 0xC283
mem[X,0b0010000000000000000000000110100110] -> 0x0083
[215] [U]: 0x800001A4 (0x0083C283) lbu t0, 0x8(t2)
mem[R,0b0010000000000000000000001001000100] -> 0xFF
x5 <- 0x000000FF
mem[X,0b0010000000000000000000000110101000] -> 0xD283
mem[X,0b0010000000000000000000000110101010] -> 0x0083
[216] [U]: 0x800001A8 (0x0083D283) lhu t0, 0x8(t2)
mem[R,0b0010000000000000000000001001000100] -> 0xFF34
x5 <- 0x0000FF34
mem[X,0b0010000000000000000000000110101100] -> 0x8067
mem[X,0b0010000000000000000000000110101110] -> 0x0000
[217] [U]: 0x800001AC (0x00008067) jalr zero, 0x0(ra)
mem[X,0b0010000000000000000000000010101000] -> 0x0073
mem[X,0b0010000000000000000000000010101010] -> 0x0000
[218] [U]: 0x800000A8 (0x00000073) ecall
trapping from U to M to handle u-call
handling exc#0x08 at priv M with tval 0x00000000
CSR mstatus <- 0x0000000000000040
mem[X,0b0010000000000000000000001000000000] -> 0x22F3
mem[X,0b0010000000000000000000001000000010] -> 0x3000
[219] [M]: 0x80000200 (0x300022F3) csrrs t0, mstatus, zero
CSR mstatus -> 0x00000040
x5 <- 0x00000040
mem[X,0b0010000000000000000000001000000100] -> 0xE337
mem[X,0b0010000000000000000000001000000110] -> 0xFFFF
[220] [M]: 0x80000204 (0xFFFFE337) lui t1, -0x2
x6 <- 0xFFFFE000
mem[X,0b0010000000000000000000001000001000] -> 0x0313
mem[X,0b0010000000000000000000001000001010] -> 0x7FF3
[221] [M]: 0x80000208 (0x7FF30313) addi t1, t1, 0x7ff
x6 <- 0xFFFFE7FF
mem[X,0b0010000000000000000000001000001100] -> 0xF2B3
mem[X,0b0010000000000000000000001000001110] -> 0x0062
[222] [M]: 0x8000020C (0x0062F2B3) and t0, t0, t1
x5 <- 0x00000040
mem[X,0b0010000000000000000000001000010000] -> 0x2337
mem[X,0b0010000000000000000000001000010010] -> 0x0000
[223] [M]: 0x80000210 (0x00002337) lui t1, 0x2
x6 <- 0x00002000
mem[X,0b0010000000000000000000001000010100] -> 0x0313
mem[X,0b0010000000000000000000001000010110] -> 0x8003
[224] [M]: 0x80000214 (0x80030313) addi t1, t1, -0x800
x6 <- 0x00001800
mem[X,0b0010000000000000000000001000011000] -> 0xE2B3
mem[X,0b0010000000000000000000001000011010] -> 0x0062
[225] [M]: 0x80000218 (0x0062E2B3) or t0, t0, t1
x5 <- 0x00001840
mem[X,0b0010000000000000000000001000011100] -> 0x9073
mem[X,0b0010000000000000000000001000011110] -> 0x3002
[226] [M]: 0x8000021C (0x30029073) csrrw zero, mstatus, t0
CSR mstatus <- 0x00001840 (input: 0x00001840)
mem[X,0b0010000000000000000000001000100000] -> 0x22F3
mem[X,0b0010000000000000000000001000100010] -> 0x3410
[227] [M]: 0x80000220 (0x341022F3) csrrs t0, mepc, zero
CSR mepc -> 0x800000A8
x5 <- 0x800000A8
mem[X,0b0010000000000000000000001000100100] -> 0x8293
mem[X,0b0010000000000000000000001000100110] -> 0x0042
[228] [M]: 0x80000224 (0x00428293) addi t0, t0, 0x4
x5 <- 0x800000AC
mem[X,0b0010000000000000000000001000101000] -> 0x9073
mem[X,0b0010000000000000000000001000101010] -> 0x3412
[229] [M]: 0x80000228 (0x34129073) csrrw zero, mepc, t0
CSR mepc <- 0x800000AC (input: 0x800000AC)
mem[X,0b0010000000000000000000001000101100] -> 0x0073
mem[X,0b0010000000000000000000001000101110] -> 0x3020
[230] [M]: 0x8000022C (0x30200073) mret
CSR mstatus <- 0x00000000000000C0
ret-ing from M to M
mem[X,0b0010000000000000000000000010101100] -> 0x00EF
mem[X,0b0010000000000000000000000010101110] -> 0x0900
[231] [M]: 0x800000AC (0x090000EF) jal ra, 0x90
x1 <- 0x800000B0
mem[X,0b0010000000000000000000000100111100] -> 0x0293
mem[X,0b0010000000000000000000000100111110] -> 0x0400
[232] [M]: 0x8000013C (0x04000293) addi t0, zero, 0x40
x5 <- 0x00000040
mem[X,0b0010000000000000000000000101000000] -> 0xB073
mem[X,0b0010000000000000000000000101000010] -> 0x3002
[233] [M]: 0x80000140 (0x3002B073) csrrc zero, mstatus, t0
CSR mstatus <- 0x00000080 (input: 0x00000080)
mem[X,0b0010000000000000000000000101000100] -> 0x2373
mem[X,0b0010000000000000000000000101000110] -> 0x3000
[234] [M]: 0x80000144 (0x30002373) csrrs t1, mstatus, zero
CSR mstatus -> 0x00000080
x6 <- 0x00000080
mem[X,0b0010000000000000000000000101001000] -> 0x8067
mem[X,0b0010000000000000000000000101001010] -> 0x0000
[235] [M]: 0x80000148 (0x00008067) jalr zero, 0x0(ra)
mem[X,0b0010000000000000000000000010110000] -> 0x0393
mem[X,0b0010000000000000000000000010110010] -> 0x0800
[236] [M]: 0x800000B0 (0x08000393) addi t2, zero, 0x80
x7 <- 0x00000080
mem[X,0b0010000000000000000000000010110100] -> 0xBE73
mem[X,0b0010000000000000000000000010110110] -> 0x3003
[237] [M]: 0x800000B4 (0x3003BE73) csrrc t3, mstatus, t2
CSR mstatus <- 0x00000000 (input: 0x00000000)
x28 <- 0x00000080
mem[X,0b0010000000000000000000000010111000] -> 0x0393
mem[X,0b0010000000000000000000000010111010] -> 0x0000
[238] [M]: 0x800000B8 (0x00000393) addi t2, zero, 0x0
x7 <- 0x00000000
mem[X,0b0010000000000000000000000010111100] -> 0xA073
mem[X,0b0010000000000000000000000010111110] -> 0x3003
[239] [M]: 0x800000BC (0x3003A073) csrrs zero, mstatus, t2
CSR mstatus <- 0x00000000 (input: 0x00000000)
mem[X,0b0010000000000000000000000011000000] -> 0x0297
mem[X,0b0010000000000000000000000011000010] -> 0x0000
[240] [M]: 0x800000C0 (0x00000297) auipc t0, 0x0
x5 <- 0x800000C0
mem[X,0b0010000000000000000000000011000100] -> 0x8293
mem[X,0b0010000000000000000000000011000110] -> 0x0102
[241] [M]: 0x800000C4 (0x01028293) addi t0, t0, 0x10
x5 <- 0x800000D0
mem[X,0b0010000000000000000000000011001000] -> 0x9073
mem[X,0b0010000000000000000000000011001010] -> 0x3412
[242] [M]: 0x800000C8 (0x34129073) csrrw zero, mepc, t0
CSR mepc <- 0x800000D0 (input: 0x800000D0)
mem[X,0b0010000000000000000000000011001100] -> 0x0073
mem[X,0b0010000000000000000000000011001110] -> 0x3020
[243] [M]: 0x800000CC (0x30200073) mret
CSR mstatus <- 0x0000000000000080
ret-ing from M to U
mem[X,0b0010000000000000000000000011010000] -> 0x00EF
mem[X,0b0010000000000000000000000011010010] -> 0x0E00
[244] [U]: 0x800000D0 (0x0E0000EF) jal ra, 0xe0
x1 <- 0x800000D4
mem[X,0b0010000000000000000000000110110000] -> 0x0317
mem[X,0b0010000000000000000000000110110010] -> 0x0000
[245] [U]: 0x800001B0 (0x00000317) auipc t1, 0x0
x6 <- 0x800001B0
mem[X,0b0010000000000000000000000110110100] -> 0x0313
mem[X,0b0010000000000000000000000110110110] -> 0x0803
[246] [U]: 0x800001B4 (0x08030313) addi t1, t1, 0x80
x6 <- 0x80000230
mem[X,0b0010000000000000000000000110111000] -> 0x0397
mem[X,0b0010000000000000000000000110111010] -> 0x0000
[247] [U]: 0x800001B8 (0x00000397) auipc t2, 0x0
x7 <- 0x800001B8
mem[X,0b0010000000000000000000000110111100] -> 0x8393
mem[X,0b0010000000000000000000000110111110] -> 0x0843
[248] [U]: 0x800001BC (0x08438393) addi t2, t2, 0x84
x7 <- 0x8000023C
mem[X,0b0010000000000000000000000111000000] -> 0x0283
mem[X,0b0010000000000000000000000111000010] -> 0x0083
[249] [U]: 0x800001C0 (0x00830283) lb t0, 0x8(t1)
mem[R,0b0010000000000000000000001000111000] -> 0x12
x5 <- 0x00000012
mem[X,0b0010000000000000000000000111000100] -> 0x1283
mem[X,0b0010000000000000000000000111000110] -> 0x0083
[250] [U]: 0x800001C4 (0x00831283) lh t0, 0x8(t1)
mem[R,0b0010000000000000000000001000111000] -> 0x3412
x5 <- 0x00003412
mem[X,0b0010000000000000000000000111001000] -> 0x2283
mem[X,0b0010000000000000000000000111001010] -> 0x0083
[251] [U]: 0x800001C8 (0x00832283) lw t0, 0x8(t1)
mem[R,0b0010000000000000000000001000111000] -> 0x78563412
x5 <- 0x78563412
mem[X,0b0010000000000000000000000111001100] -> 0x4283
mem[X,0b0010000000000000000000000111001110] -> 0x0083
[252] [U]: 0x800001CC (0x00834283) lbu t0, 0x8(t1)
mem[R,0b0010000000000000000000001000111000] -> 0x12
x5 <- 0x00000012
mem[X,0b0010000000000000000000000111010000] -> 0x5283
mem[X,0b0010000000000000000000000111010010] -> 0x0083
[253] [U]: 0x800001D0 (0x00835283) lhu t0, 0x8(t1)
mem[R,0b0010000000000000000000001000111000] -> 0x3412
x5 <- 0x00003412
mem[X,0b0010000000000000000000000111010100] -> 0x8283
mem[X,0b0010000000000000000000000111010110] -> 0x0083
[254] [U]: 0x800001D4 (0x00838283) lb t0, 0x8(t2)
mem[R,0b0010000000000000000000001001000100] -> 0xFF
x5 <- 0xFFFFFFFF
mem[X,0b0010000000000000000000000111011000] -> 0x9283
mem[X,0b0010000000000000000000000111011010] -> 0x0083
[255] [U]: 0x800001D8 (0x00839283) lh t0, 0x8(t2)
mem[R,0b0010000000000000000000001001000100] -> 0x34FF
x5 <- 0x000034FF
mem[X,0b0010000000000000000000000111011100] -> 0xA283
mem[X,0b0010000000000000000000000111011110] -> 0x0083
[256] [U]: 0x800001DC (0x0083A283) lw t0, 0x8(t2)
mem[R,0b0010000000000000000000001001000100] -> 0x785634FF
x5 <- 0x785634FF
mem[X,0b0010000000000000000000000111100000] -> 0xC283
mem[X,0b0010000000000000000000000111100010] -> 0x0083
[257] [U]: 0x800001E0 (0x0083C283) lbu t0, 0x8(t2)
mem[R,0b0010000000000000000000001001000100] -> 0xFF
x5 <- 0x000000FF
mem[X,0b0010000000000000000000000111100100] -> 0xD283
mem[X,0b0010000000000000000000000111100110] -> 0x0083
[258] [U]: 0x800001E4 (0x0083D283) lhu t0, 0x8(t2)
mem[R,0b0010000000000000000000001001000100] -> 0x34FF
x5 <- 0x000034FF
mem[X,0b0010000000000000000000000111101000] -> 0x52B7
mem[X,0b0010000000000000000000000111101010] -> 0xFF34
[259] [U]: 0x800001E8 (0xFF3452B7) lui t0, -0xcbb
x5 <- 0xFF345000
mem[X,0b0010000000000000000000000111101100] -> 0x8293
mem[X,0b0010000000000000000000000111101110] -> 0x6782
[260] [U]: 0x800001EC (0x67828293) addi t0, t0, 0x678
x5 <- 0xFF345678
mem[X,0b0010000000000000000000000111110000] -> 0x0023
mem[X,0b0010000000000000000000000111110010] -> 0x0053
[261] [U]: 0x800001F0 (0x00530023) sb t0, 0x0(t1)
mem[0b0010000000000000000000001000110000] <- 0x78
mem[X,0b0010000000000000000000000111110100] -> 0x1223
mem[X,0b0010000000000000000000000111110110] -> 0x0053
[262] [U]: 0x800001F4 (0x00531223) sh t0, 0x4(t1)
mem[0b0010000000000000000000001000110100] <- 0x5678
mem[X,0b0010000000000000000000000111111000] -> 0x2423
mem[X,0b0010000000000000000000000111111010] -> 0x0053
[263] [U]: 0x800001F8 (0x00532423) sw t0, 0x8(t1)
mem[0b0010000000000000000000001000111000] <- 0xFF345678
mem[X,0b0010000000000000000000000111111100] -> 0x8067
mem[X,0b0010000000000000000000000111111110] -> 0x0000
[264] [U]: 0x800001FC (0x00008067) jalr zero, 0x0(ra)
mem[X,0b0010000000000000000000000011010100] -> 0x0073
mem[X,0b0010000000000000000000000011010110] -> 0x0000
[265] [U]: 0x800000D4 (0x00000073) ecall
trapping from U to M to handle u-call
handling exc#0x08 at priv M with tval 0x00000000
CSR mstatus <- 0x0000000000000000
mem[X,0b0010000000000000000000001000000000] -> 0x22F3
mem[X,0b0010000000000000000000001000000010] -> 0x3000
[266] [M]: 0x80000200 (0x300022F3) csrrs t0, mstatus, zero
CSR mstatus -> 0x00000000
x5 <- 0x00000000
mem[X,0b0010000000000000000000001000000100] -> 0xE337
mem[X,0b0010000000000000000000001000000110] -> 0xFFFF
[267] [M]: 0x80000204 (0xFFFFE337) lui t1, -0x2
x6 <- 0xFFFFE000
mem[X,0b0010000000000000000000001000001000] -> 0x0313
mem[X,0b0010000000000000000000001000001010] -> 0x7FF3
[268] [M]: 0x80000208 (0x7FF30313) addi t1, t1, 0x7ff
x6 <- 0xFFFFE7FF
mem[X,0b0010000000000000000000001000001100] -> 0xF2B3
mem[X,0b0010000000000000000000001000001110] -> 0x0062
[269] [M]: 0x8000020C (0x0062F2B3) and t0, t0, t1
x5 <- 0x00000000
mem[X,0b0010000000000000000000001000010000] -> 0x2337
mem[X,0b0010000000000000000000001000010010] -> 0x0000
[270] [M]: 0x80000210 (0x00002337) lui t1, 0x2
x6 <- 0x00002000
mem[X,0b0010000000000000000000001000010100] -> 0x0313
mem[X,0b0010000000000000000000001000010110] -> 0x8003
[271] [M]: 0x80000214 (0x80030313) addi t1, t1, -0x800
x6 <- 0x00001800
mem[X,0b0010000000000000000000001000011000] -> 0xE2B3
mem[X,0b0010000000000000000000001000011010] -> 0x0062
[272] [M]: 0x80000218 (0x0062E2B3) or t0, t0, t1
x5 <- 0x00001800
mem[X,0b0010000000000000000000001000011100] -> 0x9073
mem[X,0b0010000000000000000000001000011110] -> 0x3002
[273] [M]: 0x8000021C (0x30029073) csrrw zero, mstatus, t0
CSR mstatus <- 0x00001800 (input: 0x00001800)
mem[X,0b0010000000000000000000001000100000] -> 0x22F3
mem[X,0b0010000000000000000000001000100010] -> 0x3410
[274] [M]: 0x80000220 (0x341022F3) csrrs t0, mepc, zero
CSR mepc -> 0x800000D4
x5 <- 0x800000D4
mem[X,0b0010000000000000000000001000100100] -> 0x8293
mem[X,0b0010000000000000000000001000100110] -> 0x0042
[275] [M]: 0x80000224 (0x00428293) addi t0, t0, 0x4
x5 <- 0x800000D8
mem[X,0b0010000000000000000000001000101000] -> 0x9073
mem[X,0b0010000000000000000000001000101010] -> 0x3412
[276] [M]: 0x80000228 (0x34129073) csrrw zero, mepc, t0
CSR mepc <- 0x800000D8 (input: 0x800000D8)
mem[X,0b0010000000000000000000001000101100] -> 0x0073
mem[X,0b0010000000000000000000001000101110] -> 0x3020
[277] [M]: 0x8000022C (0x30200073) mret
CSR mstatus <- 0x0000000000000080
ret-ing from M to M
mem[X,0b0010000000000000000000000011011000] -> 0x006F
mem[X,0b0010000000000000000000000011011010] -> 0x1780
[278] [M]: 0x800000D8 (0x1780006F) jal zero, 0x178
mem[X,0b0010000000000000000000001001010000] -> 0x0513
mem[X,0b0010000000000000000000001001010010] -> 0x0010
[279] [M]: 0x80000250 (0x00100513) addi a0, zero, 0x1
x10 <- 0x00000001
mem[X,0b0010000000000000000000001001010100] -> 0x006F
mem[X,0b0010000000000000000000001001010110] -> 0x0040
[280] [M]: 0x80000254 (0x0040006F) jal zero, 0x4
mem[X,0b0010000000000000000000001001011000] -> 0x1F17
mem[X,0b0010000000000000000000001001011010] -> 0x0000
[281] [M]: 0x80000258 (0x00001F17) auipc t5, 0x1
x30 <- 0x80001258
mem[X,0b0010000000000000000000001001011100] -> 0x0F13
mem[X,0b0010000000000000000000001001011110] -> 0xDB8F
[282] [M]: 0x8000025C (0xDB8F0F13) addi t5, t5, -0x248
x30 <- 0x80001010
mem[X,0b0010000000000000000000001001100000] -> 0x2023
mem[X,0b0010000000000000000000001001100010] -> 0x00AF
[283] [M]: 0x80000260 (0x00AF2023) sw a0, 0x0(t5)
htif[0b0010000000000000000001000000010000] <- 0x00000001
mem[X,0b0010000000000000000000001001100100] -> 0xF06F
mem[X,0b0010000000000000000000001001100110] -> 0xFF5F
[284] [M]: 0x80000264 (0xFF5FF06F) jal zero, -0xc
mem[X,0b0010000000000000000000001001011000] -> 0x1F17
mem[X,0b0010000000000000000000001001011010] -> 0x0000
[285] [M]: 0x80000258 (0x00001F17) auipc t5, 0x1
x30 <- 0x80001258
mem[X,0b0010000000000000000000001001011100] -> 0x0F13
mem[X,0b0010000000000000000000001001011110] -> 0xDB8F
[286] [M]: 0x8000025C (0xDB8F0F13) addi t5, t5, -0x248
x30 <- 0x80001010
mem[X,0b0010000000000000000000001001100000] -> 0x2023
mem[X,0b0010000000000000000000001001100010] -> 0x00AF
[287] [M]: 0x80000260 (0x00AF2023) sw a0, 0x0(t5)
htif[0b0010000000000000000001000000010000] <- 0x00000001
mem[X,0b0010000000000000000000001001100100] -> 0xF06F
mem[X,0b0010000000000000000000001001100110] -> 0xFF5F
[288] [M]: 0x80000264 (0xFF5FF06F) jal zero, -0xc
mem[X,0b0010000000000000000000001001011000] -> 0x1F17
mem[X,0b0010000000000000000000001001011010] -> 0x0000
[289] [M]: 0x80000258 (0x00001F17) auipc t5, 0x1
x30 <- 0x80001258
mem[X,0b0010000000000000000000001001011100] -> 0x0F13
mem[X,0b0010000000000000000000001001011110] -> 0xDB8F
[290] [M]: 0x8000025C (0xDB8F0F13) addi t5, t5, -0x248
x30 <- 0x80001010
mem[X,0b0010000000000000000000001001100000] -> 0x2023
mem[X,0b0010000000000000000000001001100010] -> 0x00AF
[291] [M]: 0x80000260 (0x00AF2023) sw a0, 0x0(t5)
htif[0b0010000000000000000001000000010000] <- 0x00000001
htif-syscall-proxy cmd: 0x000000000001
SUCCESS
